<?xml version="1.0" encoding="UTF-8"?>
<!-- Generated by org.testng.reporters.JUnitXMLReporter -->
<testsuite ignored="0" hostname="LAPTOP-H6LHOJ5I" failures="0" tests="3" name="Default test" time="35.307" errors="0" timestamp="2024-11-25T10:33:04 IST">
  <testcase classname="assignment.TestCaseExecution" name="TestCase1" time="8.349"/>
  <testcase classname="assignment.TestCaseExecution" name="TestCase3" time="3.512"/>
  <testcase classname="assignment.TestCaseExecution" name="TestCase4" time="13.097"/>
</testsuite> <!-- Default test -->
