<?xml version="1.0" encoding="UTF-8"?>
<testng-results ignored="0" total="3" passed="3" failed="0" skipped="0">
  <reporter-output>
  </reporter-output>
  <suite started-at="2024-11-25T10:32:29 IST" name="Default suite" finished-at="2024-11-25T10:33:04 IST" duration-ms="35307">
    <groups>
    </groups>
    <test started-at="2024-11-25T10:32:29 IST" name="Default test" finished-at="2024-11-25T10:33:04 IST" duration-ms="35307">
      <class name="assignment.TestCaseExecution">
        <test-method is-config="true" signature="openBrowser()[pri:0, instance:assignment.TestCaseExecution@47e2e487]" started-at="2024-11-25T10:32:29 IST" name="openBrowser" finished-at="2024-11-25T10:32:39 IST" duration-ms="10321" status="PASS">
          <reporter-output>
          </reporter-output>
        </test-method> <!-- openBrowser -->
        <test-method signature="TestCase1()[pri:0, instance:assignment.TestCaseExecution@47e2e487]" started-at="2024-11-25T10:32:39 IST" name="TestCase1" finished-at="2024-11-25T10:32:47 IST" duration-ms="8349" status="PASS">
          <reporter-output>
          </reporter-output>
        </test-method> <!-- TestCase1 -->
        <test-method signature="TestCase3()[pri:0, instance:assignment.TestCaseExecution@47e2e487]" started-at="2024-11-25T10:32:47 IST" name="TestCase3" finished-at="2024-11-25T10:32:51 IST" duration-ms="3512" status="PASS">
          <reporter-output>
          </reporter-output>
        </test-method> <!-- TestCase3 -->
        <test-method signature="TestCase4()[pri:0, instance:assignment.TestCaseExecution@47e2e487]" started-at="2024-11-25T10:32:51 IST" name="TestCase4" finished-at="2024-11-25T10:33:04 IST" duration-ms="13097" status="PASS">
          <reporter-output>
          </reporter-output>
        </test-method> <!-- TestCase4 -->
      </class> <!-- assignment.TestCaseExecution -->
    </test> <!-- Default test -->
  </suite> <!-- Default suite -->
</testng-results>
